{"/Users/avior/DEV/ITC/Repos/ctrip-back-end/server.js": {"path":"/Users/avior/DEV/ITC/Repos/ctrip-back-end/server.js","statementMap":{"0":{"start":{"line":1,"column":0},"end":{"line":1,"column":24}},"1":{"start":{"line":3,"column":17},"end":{"line":3,"column":36}},"2":{"start":{"line":15,"column":16},"end":{"line":15,"column":34}},"3":{"start":{"line":17,"column":13},"end":{"line":17,"column":28}},"4":{"start":{"line":19,"column":36},"end":{"line":19,"column":70}},"5":{"start":{"line":21,"column":12},"end":{"line":21,"column":21}},"6":{"start":{"line":22,"column":0},"end":{"line":29,"column":3}},"7":{"start":{"line":23,"column":2},"end":{"line":23,"column":49}},"8":{"start":{"line":24,"column":2},"end":{"line":27,"column":4}},"9":{"start":{"line":28,"column":2},"end":{"line":28,"column":9}},"10":{"start":{"line":30,"column":0},"end":{"line":30,"column":24}},"11":{"start":{"line":31,"column":0},"end":{"line":31,"column":16}},"12":{"start":{"line":34,"column":0},"end":{"line":34,"column":80}},"13":{"start":{"line":36,"column":0},"end":{"line":36,"column":45}},"14":{"start":{"line":37,"column":0},"end":{"line":37,"column":45}},"15":{"start":{"line":38,"column":0},"end":{"line":38,"column":45}},"16":{"start":{"line":39,"column":0},"end":{"line":39,"column":47}},"17":{"start":{"line":40,"column":0},"end":{"line":40,"column":45}},"18":{"start":{"line":41,"column":0},"end":{"line":41,"column":47}},"19":{"start":{"line":42,"column":0},"end":{"line":42,"column":47}},"20":{"start":{"line":44,"column":13},"end":{"line":44,"column":29}},"21":{"start":{"line":45,"column":13},"end":{"line":45,"column":30}},"22":{"start":{"line":47,"column":0},"end":{"line":47,"column":21}},"23":{"start":{"line":59,"column":12},"end":{"line":59,"column":33}},"24":{"start":{"line":61,"column":0},"end":{"line":76,"column":5}},"25":{"start":{"line":64,"column":4},"end":{"line":70,"column":5}},"26":{"start":{"line":65,"column":6},"end":{"line":69,"column":9}},"27":{"start":{"line":66,"column":8},"end":{"line":68,"column":10}},"28":{"start":{"line":73,"column":4},"end":{"line":75,"column":6}}},"fnMap":{"0":{"name":"(anonymous_0)","decl":{"start":{"line":22,"column":8},"end":{"line":22,"column":9}},"loc":{"start":{"line":22,"column":34},"end":{"line":29,"column":1}},"line":22},"1":{"name":"(anonymous_1)","decl":{"start":{"line":63,"column":8},"end":{"line":63,"column":9}},"loc":{"start":{"line":63,"column":14},"end":{"line":71,"column":3}},"line":63},"2":{"name":"(anonymous_2)","decl":{"start":{"line":65,"column":29},"end":{"line":65,"column":30}},"loc":{"start":{"line":65,"column":35},"end":{"line":69,"column":7}},"line":65},"3":{"name":"(anonymous_3)","decl":{"start":{"line":72,"column":9},"end":{"line":72,"column":10}},"loc":{"start":{"line":72,"column":15},"end":{"line":76,"column":3}},"line":72}},"branchMap":{"0":{"loc":{"start":{"line":64,"column":4},"end":{"line":70,"column":5}},"type":"if","locations":[{"start":{"line":64,"column":4},"end":{"line":70,"column":5}},{"start":{"line":64,"column":4},"end":{"line":70,"column":5}}],"line":64}},"s":{"0":1,"1":1,"2":1,"3":1,"4":1,"5":1,"6":1,"7":1,"8":1,"9":1,"10":1,"11":1,"12":1,"13":1,"14":1,"15":1,"16":1,"17":1,"18":1,"19":1,"20":1,"21":1,"22":1,"23":1,"24":1,"25":1,"26":0,"27":0,"28":0},"f":{"0":1,"1":1,"2":0,"3":0},"b":{"0":[0,1]},"_coverageSchema":"1a1c01bbd47fc00a2c39e90264f33305004495a9","hash":"e19d2494dc1549db086c226f62ccad32e4fe2268"}
,"/Users/avior/DEV/ITC/Repos/ctrip-back-end/data/search.js": {"path":"/Users/avior/DEV/ITC/Repos/ctrip-back-end/data/search.js","statementMap":{"0":{"start":{"line":1,"column":14},"end":{"line":1,"column":32}},"1":{"start":{"line":3,"column":17},"end":{"line":3,"column":36}},"2":{"start":{"line":4,"column":20},"end":{"line":4,"column":22}},"3":{"start":{"line":7,"column":15},"end":{"line":7,"column":17}},"4":{"start":{"line":8,"column":12},"end":{"line":8,"column":77}},"5":{"start":{"line":10,"column":2},"end":{"line":13,"column":5}},"6":{"start":{"line":15,"column":2},"end":{"line":19,"column":5}},"7":{"start":{"line":21,"column":2},"end":{"line":40,"column":5}},"8":{"start":{"line":24,"column":4},"end":{"line":24,"column":52}},"9":{"start":{"line":24,"column":22},"end":{"line":24,"column":52}},"10":{"start":{"line":25,"column":18},"end":{"line":25,"column":59}},"11":{"start":{"line":26,"column":4},"end":{"line":26,"column":41}},"12":{"start":{"line":26,"column":28},"end":{"line":26,"column":41}},"13":{"start":{"line":27,"column":25},"end":{"line":27,"column":60}},"14":{"start":{"line":28,"column":4},"end":{"line":39,"column":5}},"15":{"start":{"line":28,"column":17},"end":{"line":28,"column":18}},"16":{"start":{"line":29,"column":6},"end":{"line":38,"column":8}},"17":{"start":{"line":35,"column":10},"end":{"line":35,"column":38}},"18":{"start":{"line":36,"column":10},"end":{"line":36,"column":63}},"19":{"start":{"line":36,"column":46},"end":{"line":36,"column":63}},"20":{"start":{"line":43,"column":0},"end":{"line":43,"column":42}},"21":{"start":{"line":52,"column":21},"end":{"line":52,"column":23}},"22":{"start":{"line":53,"column":19},"end":{"line":53,"column":21}},"23":{"start":{"line":54,"column":12},"end":{"line":57,"column":3}},"24":{"start":{"line":59,"column":2},"end":{"line":61,"column":5}},"25":{"start":{"line":63,"column":2},"end":{"line":67,"column":5}},"26":{"start":{"line":69,"column":2},"end":{"line":81,"column":5}},"27":{"start":{"line":70,"column":4},"end":{"line":80,"column":5}},"28":{"start":{"line":71,"column":6},"end":{"line":77,"column":14}},"29":{"start":{"line":72,"column":23},"end":{"line":72,"column":37}},"30":{"start":{"line":73,"column":23},"end":{"line":75,"column":9}},"31":{"start":{"line":74,"column":21},"end":{"line":74,"column":74}},"32":{"start":{"line":76,"column":8},"end":{"line":76,"column":32}},"33":{"start":{"line":79,"column":6},"end":{"line":79,"column":25}},"34":{"start":{"line":83,"column":12},"end":{"line":86,"column":3}},"35":{"start":{"line":87,"column":2},"end":{"line":140,"column":11}},"36":{"start":{"line":88,"column":4},"end":{"line":95,"column":7}},"37":{"start":{"line":97,"column":4},"end":{"line":101,"column":7}},"38":{"start":{"line":103,"column":4},"end":{"line":139,"column":7}},"39":{"start":{"line":104,"column":6},"end":{"line":104,"column":54}},"40":{"start":{"line":104,"column":24},"end":{"line":104,"column":54}},"41":{"start":{"line":105,"column":19},"end":{"line":105,"column":62}},"42":{"start":{"line":107,"column":8},"end":{"line":107,"column":66}},"43":{"start":{"line":108,"column":22},"end":{"line":108,"column":71}},"44":{"start":{"line":109,"column":21},"end":{"line":109,"column":70}},"45":{"start":{"line":113,"column":6},"end":{"line":125,"column":7}},"46":{"start":{"line":114,"column":8},"end":{"line":115,"column":76}},"47":{"start":{"line":116,"column":8},"end":{"line":117,"column":73}},"48":{"start":{"line":118,"column":8},"end":{"line":120,"column":31}},"49":{"start":{"line":122,"column":8},"end":{"line":122,"column":28}},"50":{"start":{"line":123,"column":8},"end":{"line":123,"column":32}},"51":{"start":{"line":124,"column":8},"end":{"line":124,"column":33}},"52":{"start":{"line":126,"column":6},"end":{"line":136,"column":8}},"53":{"start":{"line":137,"column":6},"end":{"line":137,"column":28}},"54":{"start":{"line":138,"column":6},"end":{"line":138,"column":29}},"55":{"start":{"line":143,"column":0},"end":{"line":143,"column":52}}},"fnMap":{"0":{"name":"getSearchResult","decl":{"start":{"line":6,"column":15},"end":{"line":6,"column":30}},"loc":{"start":{"line":6,"column":76},"end":{"line":41,"column":1}},"line":6},"1":{"name":"(anonymous_1)","decl":{"start":{"line":21,"column":10},"end":{"line":21,"column":11}},"loc":{"start":{"line":21,"column":34},"end":{"line":40,"column":3}},"line":21},"2":{"name":"(anonymous_2)","decl":{"start":{"line":34,"column":8},"end":{"line":34,"column":9}},"loc":{"start":{"line":34,"column":34},"end":{"line":37,"column":9}},"line":34},"3":{"name":"getPropertiesDetails","decl":{"start":{"line":45,"column":15},"end":{"line":45,"column":35}},"loc":{"start":{"line":51,"column":2},"end":{"line":141,"column":1}},"line":51},"4":{"name":"(anonymous_4)","decl":{"start":{"line":69,"column":10},"end":{"line":69,"column":11}},"loc":{"start":{"line":69,"column":31},"end":{"line":81,"column":3}},"line":69},"5":{"name":"(anonymous_5)","decl":{"start":{"line":71,"column":17},"end":{"line":71,"column":18}},"loc":{"start":{"line":71,"column":35},"end":{"line":77,"column":7}},"line":71},"6":{"name":"(anonymous_6)","decl":{"start":{"line":74,"column":10},"end":{"line":74,"column":11}},"loc":{"start":{"line":74,"column":21},"end":{"line":74,"column":74}},"line":74},"7":{"name":"(anonymous_7)","decl":{"start":{"line":87,"column":13},"end":{"line":87,"column":14}},"loc":{"start":{"line":87,"column":25},"end":{"line":140,"column":3}},"line":87},"8":{"name":"(anonymous_8)","decl":{"start":{"line":103,"column":12},"end":{"line":103,"column":13}},"loc":{"start":{"line":103,"column":27},"end":{"line":139,"column":5}},"line":103}},"branchMap":{"0":{"loc":{"start":{"line":24,"column":4},"end":{"line":24,"column":52}},"type":"if","locations":[{"start":{"line":24,"column":4},"end":{"line":24,"column":52}},{"start":{"line":24,"column":4},"end":{"line":24,"column":52}}],"line":24},"1":{"loc":{"start":{"line":26,"column":4},"end":{"line":26,"column":41}},"type":"if","locations":[{"start":{"line":26,"column":4},"end":{"line":26,"column":41}},{"start":{"line":26,"column":4},"end":{"line":26,"column":41}}],"line":26},"2":{"loc":{"start":{"line":27,"column":25},"end":{"line":27,"column":60}},"type":"cond-expr","locations":[{"start":{"line":27,"column":44},"end":{"line":27,"column":56}},{"start":{"line":27,"column":59},"end":{"line":27,"column":60}}],"line":27},"3":{"loc":{"start":{"line":36,"column":10},"end":{"line":36,"column":63}},"type":"if","locations":[{"start":{"line":36,"column":10},"end":{"line":36,"column":63}},{"start":{"line":36,"column":10},"end":{"line":36,"column":63}}],"line":36},"4":{"loc":{"start":{"line":104,"column":6},"end":{"line":104,"column":54}},"type":"if","locations":[{"start":{"line":104,"column":6},"end":{"line":104,"column":54}},{"start":{"line":104,"column":6},"end":{"line":104,"column":54}}],"line":104},"5":{"loc":{"start":{"line":113,"column":6},"end":{"line":125,"column":7}},"type":"if","locations":[{"start":{"line":113,"column":6},"end":{"line":125,"column":7}},{"start":{"line":113,"column":6},"end":{"line":125,"column":7}}],"line":113}},"s":{"0":1,"1":1,"2":1,"3":1,"4":1,"5":1,"6":1,"7":1,"8":1,"9":0,"10":1,"11":1,"12":0,"13":1,"14":1,"15":1,"16":3,"17":0,"18":0,"19":0,"20":1,"21":3,"22":3,"23":3,"24":3,"25":3,"26":3,"27":3,"28":3,"29":3,"30":3,"31":122,"32":3,"33":0,"34":3,"35":3,"36":3,"37":3,"38":3,"39":1,"40":0,"41":0,"42":0,"43":0,"44":0,"45":0,"46":0,"47":0,"48":0,"49":0,"50":0,"51":0,"52":0,"53":0,"54":0,"55":1},"f":{"0":1,"1":1,"2":0,"3":3,"4":3,"5":3,"6":122,"7":3,"8":1},"b":{"0":[0,1],"1":[0,1],"2":[0,1],"3":[0,0],"4":[0,0],"5":[0,0]},"_coverageSchema":"1a1c01bbd47fc00a2c39e90264f33305004495a9","hash":"fb3ebee82949e56151a59360f8012c4e8f471c07"}
,"/Users/avior/DEV/ITC/Repos/ctrip-back-end/lib/config.js": {"path":"/Users/avior/DEV/ITC/Repos/ctrip-back-end/lib/config.js","statementMap":{"0":{"start":{"line":1,"column":13},"end":{"line":1,"column":28}},"1":{"start":{"line":2,"column":15},"end":{"line":4,"column":2}}},"fnMap":{},"branchMap":{},"s":{"0":1,"1":1},"f":{},"b":{},"_coverageSchema":"1a1c01bbd47fc00a2c39e90264f33305004495a9","hash":"d5d4fa487990e211c325f01842fb06d3288be762"}
,"/Users/avior/DEV/ITC/Repos/ctrip-back-end/middlewares/auth.js": {"path":"/Users/avior/DEV/ITC/Repos/ctrip-back-end/middlewares/auth.js","statementMap":{"0":{"start":{"line":1,"column":12},"end":{"line":1,"column":35}},"1":{"start":{"line":4,"column":28},"end":{"line":4,"column":39}},"2":{"start":{"line":5,"column":2},"end":{"line":8,"column":3}},"3":{"start":{"line":6,"column":4},"end":{"line":6,"column":78}},"4":{"start":{"line":7,"column":4},"end":{"line":7,"column":11}},"5":{"start":{"line":9,"column":16},"end":{"line":9,"column":52}},"6":{"start":{"line":10,"column":2},"end":{"line":17,"column":5}},"7":{"start":{"line":11,"column":4},"end":{"line":14,"column":5}},"8":{"start":{"line":12,"column":6},"end":{"line":12,"column":57}},"9":{"start":{"line":13,"column":6},"end":{"line":13,"column":13}},"10":{"start":{"line":15,"column":4},"end":{"line":15,"column":23}},"11":{"start":{"line":16,"column":4},"end":{"line":16,"column":11}},"12":{"start":{"line":19,"column":0},"end":{"line":19,"column":20}}},"fnMap":{"0":{"name":"auth","decl":{"start":{"line":3,"column":9},"end":{"line":3,"column":13}},"loc":{"start":{"line":3,"column":30},"end":{"line":18,"column":1}},"line":3},"1":{"name":"(anonymous_1)","decl":{"start":{"line":10,"column":44},"end":{"line":10,"column":45}},"loc":{"start":{"line":10,"column":68},"end":{"line":17,"column":3}},"line":10}},"branchMap":{"0":{"loc":{"start":{"line":5,"column":2},"end":{"line":8,"column":3}},"type":"if","locations":[{"start":{"line":5,"column":2},"end":{"line":8,"column":3}},{"start":{"line":5,"column":2},"end":{"line":8,"column":3}}],"line":5},"1":{"loc":{"start":{"line":11,"column":4},"end":{"line":14,"column":5}},"type":"if","locations":[{"start":{"line":11,"column":4},"end":{"line":14,"column":5}},{"start":{"line":11,"column":4},"end":{"line":14,"column":5}}],"line":11}},"s":{"0":1,"1":0,"2":0,"3":0,"4":0,"5":0,"6":0,"7":0,"8":0,"9":0,"10":0,"11":0,"12":1},"f":{"0":0,"1":0},"b":{"0":[0,0],"1":[0,0]},"_coverageSchema":"1a1c01bbd47fc00a2c39e90264f33305004495a9","hash":"5e5c6bbf04d85e9e805bb53fabe0994025aa479d"}
,"/Users/avior/DEV/ITC/Repos/ctrip-back-end/middlewares/multipart.js": {"path":"/Users/avior/DEV/ITC/Repos/ctrip-back-end/middlewares/multipart.js","statementMap":{"0":{"start":{"line":1,"column":15},"end":{"line":1,"column":32}},"1":{"start":{"line":3,"column":32},"end":{"line":3,"column":40}},"2":{"start":{"line":4,"column":0},"end":{"line":4,"column":58}},"3":{"start":{"line":6,"column":16},"end":{"line":14,"column":2}},"4":{"start":{"line":8,"column":4},"end":{"line":8,"column":45}},"5":{"start":{"line":11,"column":25},"end":{"line":11,"column":75}},"6":{"start":{"line":12,"column":4},"end":{"line":12,"column":53}},"7":{"start":{"line":16,"column":15},"end":{"line":19,"column":2}},"8":{"start":{"line":20,"column":0},"end":{"line":20,"column":24}}},"fnMap":{"0":{"name":"(anonymous_0)","decl":{"start":{"line":7,"column":15},"end":{"line":7,"column":16}},"loc":{"start":{"line":7,"column":40},"end":{"line":9,"column":3}},"line":7},"1":{"name":"(anonymous_1)","decl":{"start":{"line":10,"column":12},"end":{"line":10,"column":13}},"loc":{"start":{"line":10,"column":37},"end":{"line":13,"column":3}},"line":10}},"branchMap":{},"s":{"0":1,"1":1,"2":1,"3":1,"4":0,"5":0,"6":0,"7":1,"8":1},"f":{"0":0,"1":0},"b":{},"_coverageSchema":"1a1c01bbd47fc00a2c39e90264f33305004495a9","hash":"a0da0aa6974a72ac13a36903a1e95d8c830ce02c"}
,"/Users/avior/DEV/ITC/Repos/ctrip-back-end/middlewares/validation.js": {"path":"/Users/avior/DEV/ITC/Repos/ctrip-back-end/middlewares/validation.js","statementMap":{"0":{"start":{"line":1,"column":12},"end":{"line":1,"column":34}},"1":{"start":{"line":2,"column":12},"end":{"line":2,"column":21}},"2":{"start":{"line":5,"column":25},"end":{"line":5,"column":44}},"3":{"start":{"line":6,"column":2},"end":{"line":14,"column":4}},"4":{"start":{"line":7,"column":18},"end":{"line":7,"column":42}},"5":{"start":{"line":8,"column":4},"end":{"line":13,"column":5}},"6":{"start":{"line":9,"column":6},"end":{"line":9,"column":22}},"7":{"start":{"line":10,"column":6},"end":{"line":10,"column":50}},"8":{"start":{"line":12,"column":6},"end":{"line":12,"column":13}},"9":{"start":{"line":17,"column":0},"end":{"line":17,"column":30}}},"fnMap":{"0":{"name":"validateBody","decl":{"start":{"line":4,"column":9},"end":{"line":4,"column":21}},"loc":{"start":{"line":4,"column":30},"end":{"line":15,"column":1}},"line":4},"1":{"name":"(anonymous_1)","decl":{"start":{"line":6,"column":9},"end":{"line":6,"column":10}},"loc":{"start":{"line":6,"column":29},"end":{"line":14,"column":3}},"line":6}},"branchMap":{"0":{"loc":{"start":{"line":8,"column":4},"end":{"line":13,"column":5}},"type":"if","locations":[{"start":{"line":8,"column":4},"end":{"line":13,"column":5}},{"start":{"line":8,"column":4},"end":{"line":13,"column":5}}],"line":8}},"s":{"0":1,"1":1,"2":0,"3":0,"4":0,"5":0,"6":0,"7":0,"8":0,"9":1},"f":{"0":0,"1":0},"b":{"0":[0,0]},"_coverageSchema":"1a1c01bbd47fc00a2c39e90264f33305004495a9","hash":"24832c92e338b5ff92990b9c32d57b18e5b44149"}
,"/Users/avior/DEV/ITC/Repos/ctrip-back-end/models/trip-model.js": {"path":"/Users/avior/DEV/ITC/Repos/ctrip-back-end/models/trip-model.js","statementMap":{"0":{"start":{"line":1,"column":17},"end":{"line":1,"column":36}},"1":{"start":{"line":2,"column":15},"end":{"line":2,"column":30}},"2":{"start":{"line":4,"column":19},"end":{"line":16,"column":1}},"3":{"start":{"line":18,"column":13},"end":{"line":18,"column":47}},"4":{"start":{"line":19,"column":0},"end":{"line":19,"column":22}}},"fnMap":{},"branchMap":{},"s":{"0":1,"1":1,"2":1,"3":1,"4":1},"f":{},"b":{},"_coverageSchema":"1a1c01bbd47fc00a2c39e90264f33305004495a9","hash":"08b008cae04d1f205316d48060bf8f9da924e7d2"}
,"/Users/avior/DEV/ITC/Repos/ctrip-back-end/models/user-model.js": {"path":"/Users/avior/DEV/ITC/Repos/ctrip-back-end/models/user-model.js","statementMap":{"0":{"start":{"line":1,"column":17},"end":{"line":1,"column":36}},"1":{"start":{"line":3,"column":22},"end":{"line":23,"column":2}},"2":{"start":{"line":25,"column":13},"end":{"line":25,"column":50}},"3":{"start":{"line":26,"column":0},"end":{"line":26,"column":22}}},"fnMap":{},"branchMap":{},"s":{"0":1,"1":1,"2":1,"3":1},"f":{},"b":{},"_coverageSchema":"1a1c01bbd47fc00a2c39e90264f33305004495a9","hash":"83910fc7fc8088ea43fac2383dbe9800840ed8dc"}
,"/Users/avior/DEV/ITC/Repos/ctrip-back-end/routes/google.js": {"path":"/Users/avior/DEV/ITC/Repos/ctrip-back-end/routes/google.js","statementMap":{"0":{"start":{"line":1,"column":16},"end":{"line":1,"column":34}},"1":{"start":{"line":2,"column":13},"end":{"line":2,"column":44}},"2":{"start":{"line":3,"column":15},"end":{"line":3,"column":31}},"3":{"start":{"line":5,"column":0},"end":{"line":33,"column":3}},"4":{"start":{"line":6,"column":40},"end":{"line":6,"column":48}},"5":{"start":{"line":7,"column":31},"end":{"line":7,"column":67}},"6":{"start":{"line":22,"column":1},"end":{"line":32,"column":2}},"7":{"start":{"line":23,"column":18},"end":{"line":27,"column":4}},"8":{"start":{"line":28,"column":2},"end":{"line":28,"column":23}},"9":{"start":{"line":29,"column":2},"end":{"line":29,"column":51}},"10":{"start":{"line":31,"column":2},"end":{"line":31,"column":21}},"11":{"start":{"line":35,"column":0},"end":{"line":35,"column":24}}},"fnMap":{"0":{"name":"(anonymous_0)","decl":{"start":{"line":5,"column":17},"end":{"line":5,"column":18}},"loc":{"start":{"line":5,"column":43},"end":{"line":33,"column":1}},"line":5}},"branchMap":{},"s":{"0":1,"1":1,"2":1,"3":1,"4":0,"5":0,"6":0,"7":0,"8":0,"9":0,"10":0,"11":1},"f":{"0":0},"b":{},"_coverageSchema":"1a1c01bbd47fc00a2c39e90264f33305004495a9","hash":"bcabb748945c8a6e8d51b6efdfd78bee0e8285ee"}
,"/Users/avior/DEV/ITC/Repos/ctrip-back-end/routes/login.js": {"path":"/Users/avior/DEV/ITC/Repos/ctrip-back-end/routes/login.js","statementMap":{"0":{"start":{"line":1,"column":16},"end":{"line":1,"column":34}},"1":{"start":{"line":2,"column":15},"end":{"line":2,"column":32}},"2":{"start":{"line":3,"column":12},"end":{"line":3,"column":35}},"3":{"start":{"line":4,"column":13},"end":{"line":4,"column":44}},"4":{"start":{"line":5,"column":15},"end":{"line":5,"column":31}},"5":{"start":{"line":7,"column":0},"end":{"line":29,"column":3}},"6":{"start":{"line":8,"column":30},"end":{"line":8,"column":38}},"7":{"start":{"line":9,"column":2},"end":{"line":28,"column":3}},"8":{"start":{"line":10,"column":17},"end":{"line":10,"column":53}},"9":{"start":{"line":11,"column":4},"end":{"line":14,"column":5}},"10":{"start":{"line":12,"column":6},"end":{"line":12,"column":61}},"11":{"start":{"line":13,"column":6},"end":{"line":13,"column":13}},"12":{"start":{"line":15,"column":4},"end":{"line":25,"column":7}},"13":{"start":{"line":16,"column":6},"end":{"line":24,"column":7}},"14":{"start":{"line":16,"column":15},"end":{"line":16,"column":25}},"15":{"start":{"line":18,"column":8},"end":{"line":23,"column":9}},"16":{"start":{"line":19,"column":24},"end":{"line":19,"column":60}},"17":{"start":{"line":20,"column":10},"end":{"line":20,"column":49}},"18":{"start":{"line":22,"column":10},"end":{"line":22,"column":53}},"19":{"start":{"line":27,"column":4},"end":{"line":27,"column":14}},"20":{"start":{"line":31,"column":0},"end":{"line":31,"column":24}}},"fnMap":{"0":{"name":"(anonymous_0)","decl":{"start":{"line":7,"column":17},"end":{"line":7,"column":18}},"loc":{"start":{"line":7,"column":43},"end":{"line":29,"column":1}},"line":7},"1":{"name":"(anonymous_1)","decl":{"start":{"line":15,"column":48},"end":{"line":15,"column":49}},"loc":{"start":{"line":15,"column":65},"end":{"line":25,"column":5}},"line":15}},"branchMap":{"0":{"loc":{"start":{"line":11,"column":4},"end":{"line":14,"column":5}},"type":"if","locations":[{"start":{"line":11,"column":4},"end":{"line":14,"column":5}},{"start":{"line":11,"column":4},"end":{"line":14,"column":5}}],"line":11},"1":{"loc":{"start":{"line":16,"column":6},"end":{"line":24,"column":7}},"type":"if","locations":[{"start":{"line":16,"column":6},"end":{"line":24,"column":7}},{"start":{"line":16,"column":6},"end":{"line":24,"column":7}}],"line":16},"2":{"loc":{"start":{"line":18,"column":8},"end":{"line":23,"column":9}},"type":"if","locations":[{"start":{"line":18,"column":8},"end":{"line":23,"column":9}},{"start":{"line":18,"column":8},"end":{"line":23,"column":9}}],"line":18}},"s":{"0":1,"1":1,"2":1,"3":1,"4":1,"5":1,"6":0,"7":0,"8":0,"9":0,"10":0,"11":0,"12":0,"13":0,"14":0,"15":0,"16":0,"17":0,"18":0,"19":0,"20":1},"f":{"0":0,"1":0},"b":{"0":[0,0],"1":[0,0],"2":[0,0]},"_coverageSchema":"1a1c01bbd47fc00a2c39e90264f33305004495a9","hash":"0595b3a9822e68d452ea275231049e77a59051e6"}
,"/Users/avior/DEV/ITC/Repos/ctrip-back-end/routes/notes.js": {"path":"/Users/avior/DEV/ITC/Repos/ctrip-back-end/routes/notes.js","statementMap":{"0":{"start":{"line":1,"column":16},"end":{"line":1,"column":34}},"1":{"start":{"line":2,"column":17},"end":{"line":2,"column":47}},"2":{"start":{"line":3,"column":21},"end":{"line":3,"column":57}},"3":{"start":{"line":4,"column":15},"end":{"line":4,"column":31}},"4":{"start":{"line":5,"column":13},"end":{"line":5,"column":44}},"5":{"start":{"line":7,"column":0},"end":{"line":45,"column":2}},"6":{"start":{"line":8,"column":17},"end":{"line":8,"column":25}},"7":{"start":{"line":9,"column":4},"end":{"line":9,"column":21}},"8":{"start":{"line":12,"column":4},"end":{"line":17,"column":5}},"9":{"start":{"line":13,"column":8},"end":{"line":16,"column":10}},"10":{"start":{"line":19,"column":4},"end":{"line":44,"column":6}},"11":{"start":{"line":20,"column":8},"end":{"line":25,"column":9}},"12":{"start":{"line":21,"column":12},"end":{"line":24,"column":14}},"13":{"start":{"line":27,"column":8},"end":{"line":27,"column":54}},"14":{"start":{"line":27,"column":32},"end":{"line":27,"column":54}},"15":{"start":{"line":29,"column":8},"end":{"line":43,"column":14}},"16":{"start":{"line":32,"column":16},"end":{"line":36,"column":18}},"17":{"start":{"line":39,"column":16},"end":{"line":42,"column":18}},"18":{"start":{"line":48,"column":0},"end":{"line":48,"column":24}}},"fnMap":{"0":{"name":"(anonymous_0)","decl":{"start":{"line":7,"column":16},"end":{"line":7,"column":17}},"loc":{"start":{"line":7,"column":36},"end":{"line":45,"column":1}},"line":7},"1":{"name":"(anonymous_1)","decl":{"start":{"line":19,"column":97},"end":{"line":19,"column":98}},"loc":{"start":{"line":19,"column":112},"end":{"line":44,"column":5}},"line":19},"2":{"name":"(anonymous_2)","decl":{"start":{"line":31,"column":18},"end":{"line":31,"column":19}},"loc":{"start":{"line":31,"column":24},"end":{"line":37,"column":13}},"line":31},"3":{"name":"(anonymous_3)","decl":{"start":{"line":38,"column":19},"end":{"line":38,"column":20}},"loc":{"start":{"line":38,"column":28},"end":{"line":43,"column":13}},"line":38}},"branchMap":{"0":{"loc":{"start":{"line":12,"column":4},"end":{"line":17,"column":5}},"type":"if","locations":[{"start":{"line":12,"column":4},"end":{"line":17,"column":5}},{"start":{"line":12,"column":4},"end":{"line":17,"column":5}}],"line":12},"1":{"loc":{"start":{"line":12,"column":8},"end":{"line":12,"column":47}},"type":"binary-expr","locations":[{"start":{"line":12,"column":8},"end":{"line":12,"column":13}},{"start":{"line":12,"column":17},"end":{"line":12,"column":47}}],"line":12},"2":{"loc":{"start":{"line":20,"column":8},"end":{"line":25,"column":9}},"type":"if","locations":[{"start":{"line":20,"column":8},"end":{"line":25,"column":9}},{"start":{"line":20,"column":8},"end":{"line":25,"column":9}}],"line":20},"3":{"loc":{"start":{"line":27,"column":8},"end":{"line":27,"column":54}},"type":"if","locations":[{"start":{"line":27,"column":8},"end":{"line":27,"column":54}},{"start":{"line":27,"column":8},"end":{"line":27,"column":54}}],"line":27}},"s":{"0":1,"1":1,"2":1,"3":1,"4":1,"5":1,"6":0,"7":0,"8":0,"9":0,"10":0,"11":0,"12":0,"13":0,"14":0,"15":0,"16":0,"17":0,"18":1},"f":{"0":0,"1":0,"2":0,"3":0},"b":{"0":[0,0],"1":[0,0],"2":[0,0],"3":[0,0]},"_coverageSchema":"1a1c01bbd47fc00a2c39e90264f33305004495a9","hash":"7d5806310db0f060022a0e3e5029585feaa7eea5"}
,"/Users/avior/DEV/ITC/Repos/ctrip-back-end/routes/search.js": {"path":"/Users/avior/DEV/ITC/Repos/ctrip-back-end/routes/search.js","statementMap":{"0":{"start":{"line":1,"column":16},"end":{"line":1,"column":34}},"1":{"start":{"line":2,"column":28},"end":{"line":2,"column":53}},"2":{"start":{"line":3,"column":19},"end":{"line":3,"column":54}},"3":{"start":{"line":4,"column":17},"end":{"line":4,"column":47}},"4":{"start":{"line":5,"column":15},"end":{"line":5,"column":31}},"5":{"start":{"line":9,"column":0},"end":{"line":24,"column":3}},"6":{"start":{"line":10,"column":48},"end":{"line":10,"column":57}},"7":{"start":{"line":11,"column":2},"end":{"line":23,"column":3}},"8":{"start":{"line":12,"column":19},"end":{"line":20,"column":5}},"9":{"start":{"line":18,"column":8},"end":{"line":18,"column":58}},"10":{"start":{"line":22,"column":4},"end":{"line":22,"column":45}},"11":{"start":{"line":26,"column":0},"end":{"line":26,"column":24}}},"fnMap":{"0":{"name":"(anonymous_0)","decl":{"start":{"line":9,"column":17},"end":{"line":9,"column":18}},"loc":{"start":{"line":9,"column":37},"end":{"line":24,"column":1}},"line":9},"1":{"name":"(anonymous_1)","decl":{"start":{"line":17,"column":6},"end":{"line":17,"column":7}},"loc":{"start":{"line":17,"column":32},"end":{"line":19,"column":7}},"line":17}},"branchMap":{},"s":{"0":1,"1":1,"2":1,"3":1,"4":1,"5":1,"6":1,"7":1,"8":1,"9":0,"10":0,"11":1},"f":{"0":1,"1":0},"b":{},"_coverageSchema":"1a1c01bbd47fc00a2c39e90264f33305004495a9","hash":"4fa61d15d3f90f8d2f15828e74ef4b8b7fb58864"}
,"/Users/avior/DEV/ITC/Repos/ctrip-back-end/routes/signup.js": {"path":"/Users/avior/DEV/ITC/Repos/ctrip-back-end/routes/signup.js","statementMap":{"0":{"start":{"line":1,"column":16},"end":{"line":1,"column":34}},"1":{"start":{"line":2,"column":15},"end":{"line":2,"column":32}},"2":{"start":{"line":3,"column":13},"end":{"line":3,"column":44}},"3":{"start":{"line":5,"column":15},"end":{"line":5,"column":31}},"4":{"start":{"line":7,"column":0},"end":{"line":38,"column":3}},"5":{"start":{"line":8,"column":63},"end":{"line":8,"column":71}},"6":{"start":{"line":9,"column":31},"end":{"line":9,"column":67}},"7":{"start":{"line":11,"column":4},"end":{"line":16,"column":5}},"8":{"start":{"line":12,"column":8},"end":{"line":15,"column":10}},"9":{"start":{"line":17,"column":4},"end":{"line":22,"column":5}},"10":{"start":{"line":18,"column":8},"end":{"line":21,"column":10}},"11":{"start":{"line":24,"column":24},"end":{"line":24,"column":54}},"12":{"start":{"line":25,"column":1},"end":{"line":37,"column":2}},"13":{"start":{"line":26,"column":18},"end":{"line":32,"column":4}},"14":{"start":{"line":33,"column":2},"end":{"line":33,"column":23}},"15":{"start":{"line":34,"column":2},"end":{"line":34,"column":20}},"16":{"start":{"line":36,"column":2},"end":{"line":36,"column":21}},"17":{"start":{"line":40,"column":0},"end":{"line":40,"column":24}}},"fnMap":{"0":{"name":"(anonymous_0)","decl":{"start":{"line":7,"column":17},"end":{"line":7,"column":18}},"loc":{"start":{"line":7,"column":43},"end":{"line":38,"column":1}},"line":7}},"branchMap":{"0":{"loc":{"start":{"line":11,"column":4},"end":{"line":16,"column":5}},"type":"if","locations":[{"start":{"line":11,"column":4},"end":{"line":16,"column":5}},{"start":{"line":11,"column":4},"end":{"line":16,"column":5}}],"line":11},"1":{"loc":{"start":{"line":11,"column":9},"end":{"line":11,"column":55}},"type":"binary-expr","locations":[{"start":{"line":11,"column":9},"end":{"line":11,"column":19}},{"start":{"line":11,"column":23},"end":{"line":11,"column":32}},{"start":{"line":11,"column":36},"end":{"line":11,"column":42}},{"start":{"line":11,"column":46},"end":{"line":11,"column":55}}],"line":11},"2":{"loc":{"start":{"line":17,"column":4},"end":{"line":22,"column":5}},"type":"if","locations":[{"start":{"line":17,"column":4},"end":{"line":22,"column":5}},{"start":{"line":17,"column":4},"end":{"line":22,"column":5}}],"line":17}},"s":{"0":1,"1":1,"2":1,"3":1,"4":1,"5":0,"6":0,"7":0,"8":0,"9":0,"10":0,"11":0,"12":0,"13":0,"14":0,"15":0,"16":0,"17":1},"f":{"0":0},"b":{"0":[0,0],"1":[0,0,0,0],"2":[0,0]},"_coverageSchema":"1a1c01bbd47fc00a2c39e90264f33305004495a9","hash":"09c700ef39a709c0bad5392b66e2277a2480a286"}
,"/Users/avior/DEV/ITC/Repos/ctrip-back-end/routes/trips.js": {"path":"/Users/avior/DEV/ITC/Repos/ctrip-back-end/routes/trips.js","statementMap":{"0":{"start":{"line":1,"column":16},"end":{"line":1,"column":34}},"1":{"start":{"line":2,"column":12},"end":{"line":2,"column":35}},"2":{"start":{"line":3,"column":17},"end":{"line":3,"column":47}},"3":{"start":{"line":4,"column":13},"end":{"line":4,"column":44}},"4":{"start":{"line":5,"column":15},"end":{"line":5,"column":31}},"5":{"start":{"line":36,"column":0},"end":{"line":87,"column":3}},"6":{"start":{"line":37,"column":15},"end":{"line":37,"column":23}},"7":{"start":{"line":39,"column":2},"end":{"line":44,"column":3}},"8":{"start":{"line":40,"column":4},"end":{"line":43,"column":7}},"9":{"start":{"line":54,"column":15},"end":{"line":63,"column":4}},"10":{"start":{"line":65,"column":2},"end":{"line":70,"column":3}},"11":{"start":{"line":66,"column":4},"end":{"line":69,"column":7}},"12":{"start":{"line":72,"column":2},"end":{"line":86,"column":7}},"13":{"start":{"line":75,"column":6},"end":{"line":79,"column":9}},"14":{"start":{"line":82,"column":6},"end":{"line":85,"column":9}},"15":{"start":{"line":89,"column":0},"end":{"line":105,"column":3}},"16":{"start":{"line":90,"column":2},"end":{"line":104,"column":38}},"17":{"start":{"line":91,"column":4},"end":{"line":96,"column":5}},"18":{"start":{"line":92,"column":6},"end":{"line":95,"column":9}},"19":{"start":{"line":97,"column":4},"end":{"line":99,"column":5}},"20":{"start":{"line":98,"column":6},"end":{"line":98,"column":64}},"21":{"start":{"line":100,"column":4},"end":{"line":103,"column":7}},"22":{"start":{"line":104,"column":20},"end":{"line":104,"column":36}},"23":{"start":{"line":107,"column":0},"end":{"line":127,"column":3}},"24":{"start":{"line":108,"column":2},"end":{"line":126,"column":38}},"25":{"start":{"line":109,"column":4},"end":{"line":114,"column":5}},"26":{"start":{"line":110,"column":6},"end":{"line":113,"column":9}},"27":{"start":{"line":116,"column":4},"end":{"line":121,"column":5}},"28":{"start":{"line":117,"column":6},"end":{"line":120,"column":9}},"29":{"start":{"line":122,"column":4},"end":{"line":125,"column":7}},"30":{"start":{"line":126,"column":20},"end":{"line":126,"column":36}},"31":{"start":{"line":129,"column":0},"end":{"line":150,"column":3}},"32":{"start":{"line":130,"column":2},"end":{"line":149,"column":38}},"33":{"start":{"line":131,"column":4},"end":{"line":131,"column":51}},"34":{"start":{"line":132,"column":4},"end":{"line":137,"column":5}},"35":{"start":{"line":133,"column":6},"end":{"line":136,"column":9}},"36":{"start":{"line":139,"column":4},"end":{"line":144,"column":5}},"37":{"start":{"line":140,"column":6},"end":{"line":143,"column":9}},"38":{"start":{"line":145,"column":4},"end":{"line":148,"column":7}},"39":{"start":{"line":149,"column":20},"end":{"line":149,"column":36}},"40":{"start":{"line":152,"column":0},"end":{"line":152,"column":24}}},"fnMap":{"0":{"name":"(anonymous_0)","decl":{"start":{"line":36,"column":17},"end":{"line":36,"column":18}},"loc":{"start":{"line":36,"column":31},"end":{"line":87,"column":1}},"line":36},"1":{"name":"(anonymous_1)","decl":{"start":{"line":74,"column":10},"end":{"line":74,"column":11}},"loc":{"start":{"line":74,"column":16},"end":{"line":80,"column":5}},"line":74},"2":{"name":"(anonymous_2)","decl":{"start":{"line":81,"column":11},"end":{"line":81,"column":12}},"loc":{"start":{"line":81,"column":22},"end":{"line":86,"column":5}},"line":81},"3":{"name":"(anonymous_3)","decl":{"start":{"line":89,"column":16},"end":{"line":89,"column":17}},"loc":{"start":{"line":89,"column":36},"end":{"line":105,"column":1}},"line":89},"4":{"name":"(anonymous_4)","decl":{"start":{"line":90,"column":22},"end":{"line":90,"column":23}},"loc":{"start":{"line":90,"column":38},"end":{"line":104,"column":3}},"line":90},"5":{"name":"(anonymous_5)","decl":{"start":{"line":104,"column":11},"end":{"line":104,"column":12}},"loc":{"start":{"line":104,"column":20},"end":{"line":104,"column":36}},"line":104},"6":{"name":"(anonymous_6)","decl":{"start":{"line":107,"column":34},"end":{"line":107,"column":35}},"loc":{"start":{"line":107,"column":54},"end":{"line":127,"column":1}},"line":107},"7":{"name":"(anonymous_7)","decl":{"start":{"line":108,"column":49},"end":{"line":108,"column":50}},"loc":{"start":{"line":108,"column":64},"end":{"line":126,"column":3}},"line":108},"8":{"name":"(anonymous_8)","decl":{"start":{"line":126,"column":11},"end":{"line":126,"column":12}},"loc":{"start":{"line":126,"column":20},"end":{"line":126,"column":36}},"line":126},"9":{"name":"(anonymous_9)","decl":{"start":{"line":129,"column":26},"end":{"line":129,"column":27}},"loc":{"start":{"line":129,"column":46},"end":{"line":150,"column":1}},"line":129},"10":{"name":"(anonymous_10)","decl":{"start":{"line":130,"column":62},"end":{"line":130,"column":63}},"loc":{"start":{"line":130,"column":77},"end":{"line":149,"column":3}},"line":130},"11":{"name":"(anonymous_11)","decl":{"start":{"line":149,"column":11},"end":{"line":149,"column":12}},"loc":{"start":{"line":149,"column":20},"end":{"line":149,"column":36}},"line":149}},"branchMap":{"0":{"loc":{"start":{"line":39,"column":2},"end":{"line":44,"column":3}},"type":"if","locations":[{"start":{"line":39,"column":2},"end":{"line":44,"column":3}},{"start":{"line":39,"column":2},"end":{"line":44,"column":3}}],"line":39},"1":{"loc":{"start":{"line":65,"column":2},"end":{"line":70,"column":3}},"type":"if","locations":[{"start":{"line":65,"column":2},"end":{"line":70,"column":3}},{"start":{"line":65,"column":2},"end":{"line":70,"column":3}}],"line":65},"2":{"loc":{"start":{"line":91,"column":4},"end":{"line":96,"column":5}},"type":"if","locations":[{"start":{"line":91,"column":4},"end":{"line":96,"column":5}},{"start":{"line":91,"column":4},"end":{"line":96,"column":5}}],"line":91},"3":{"loc":{"start":{"line":97,"column":4},"end":{"line":99,"column":5}},"type":"if","locations":[{"start":{"line":97,"column":4},"end":{"line":99,"column":5}},{"start":{"line":97,"column":4},"end":{"line":99,"column":5}}],"line":97},"4":{"loc":{"start":{"line":109,"column":4},"end":{"line":114,"column":5}},"type":"if","locations":[{"start":{"line":109,"column":4},"end":{"line":114,"column":5}},{"start":{"line":109,"column":4},"end":{"line":114,"column":5}}],"line":109},"5":{"loc":{"start":{"line":116,"column":4},"end":{"line":121,"column":5}},"type":"if","locations":[{"start":{"line":116,"column":4},"end":{"line":121,"column":5}},{"start":{"line":116,"column":4},"end":{"line":121,"column":5}}],"line":116},"6":{"loc":{"start":{"line":132,"column":4},"end":{"line":137,"column":5}},"type":"if","locations":[{"start":{"line":132,"column":4},"end":{"line":137,"column":5}},{"start":{"line":132,"column":4},"end":{"line":137,"column":5}}],"line":132},"7":{"loc":{"start":{"line":139,"column":4},"end":{"line":144,"column":5}},"type":"if","locations":[{"start":{"line":139,"column":4},"end":{"line":144,"column":5}},{"start":{"line":139,"column":4},"end":{"line":144,"column":5}}],"line":139}},"s":{"0":1,"1":1,"2":1,"3":1,"4":1,"5":1,"6":0,"7":0,"8":0,"9":0,"10":0,"11":0,"12":0,"13":0,"14":0,"15":1,"16":0,"17":0,"18":0,"19":0,"20":0,"21":0,"22":0,"23":1,"24":0,"25":0,"26":0,"27":0,"28":0,"29":0,"30":0,"31":1,"32":0,"33":0,"34":0,"35":0,"36":0,"37":0,"38":0,"39":0,"40":1},"f":{"0":0,"1":0,"2":0,"3":0,"4":0,"5":0,"6":0,"7":0,"8":0,"9":0,"10":0,"11":0},"b":{"0":[0,0],"1":[0,0],"2":[0,0],"3":[0,0],"4":[0,0],"5":[0,0],"6":[0,0],"7":[0,0]},"_coverageSchema":"1a1c01bbd47fc00a2c39e90264f33305004495a9","hash":"ccd913b03401a0316532ebbdcf67e7d73a233cd2"}
,"/Users/avior/DEV/ITC/Repos/ctrip-back-end/routes/users.js": {"path":"/Users/avior/DEV/ITC/Repos/ctrip-back-end/routes/users.js","statementMap":{"0":{"start":{"line":1,"column":16},"end":{"line":1,"column":34}},"1":{"start":{"line":2,"column":12},"end":{"line":2,"column":35}},"2":{"start":{"line":3,"column":17},"end":{"line":3,"column":47}},"3":{"start":{"line":4,"column":13},"end":{"line":4,"column":44}},"4":{"start":{"line":5,"column":15},"end":{"line":5,"column":32}},"5":{"start":{"line":7,"column":15},"end":{"line":7,"column":31}},"6":{"start":{"line":10,"column":0},"end":{"line":14,"column":3}},"7":{"start":{"line":11,"column":21},"end":{"line":11,"column":31}},"8":{"start":{"line":12,"column":17},"end":{"line":12,"column":44}},"9":{"start":{"line":13,"column":2},"end":{"line":13,"column":41}},"10":{"start":{"line":16,"column":0},"end":{"line":67,"column":3}},"11":{"start":{"line":17,"column":15},"end":{"line":17,"column":23}},"12":{"start":{"line":19,"column":2},"end":{"line":24,"column":3}},"13":{"start":{"line":20,"column":4},"end":{"line":23,"column":7}},"14":{"start":{"line":31,"column":2},"end":{"line":66,"column":4}},"15":{"start":{"line":36,"column":6},"end":{"line":41,"column":7}},"16":{"start":{"line":37,"column":8},"end":{"line":40,"column":11}},"17":{"start":{"line":43,"column":6},"end":{"line":43,"column":67}},"18":{"start":{"line":43,"column":35},"end":{"line":43,"column":67}},"19":{"start":{"line":44,"column":6},"end":{"line":44,"column":64}},"20":{"start":{"line":44,"column":34},"end":{"line":44,"column":64}},"21":{"start":{"line":45,"column":6},"end":{"line":45,"column":55}},"22":{"start":{"line":45,"column":31},"end":{"line":45,"column":55}},"23":{"start":{"line":46,"column":6},"end":{"line":46,"column":64}},"24":{"start":{"line":46,"column":34},"end":{"line":46,"column":64}},"25":{"start":{"line":47,"column":6},"end":{"line":47,"column":73}},"26":{"start":{"line":47,"column":37},"end":{"line":47,"column":73}},"27":{"start":{"line":50,"column":6},"end":{"line":64,"column":11}},"28":{"start":{"line":53,"column":10},"end":{"line":57,"column":13}},"29":{"start":{"line":60,"column":10},"end":{"line":63,"column":13}},"30":{"start":{"line":70,"column":0},"end":{"line":89,"column":3}},"31":{"start":{"line":71,"column":2},"end":{"line":88,"column":38}},"32":{"start":{"line":72,"column":4},"end":{"line":77,"column":5}},"33":{"start":{"line":73,"column":6},"end":{"line":76,"column":9}},"34":{"start":{"line":78,"column":4},"end":{"line":83,"column":5}},"35":{"start":{"line":79,"column":6},"end":{"line":82,"column":9}},"36":{"start":{"line":84,"column":4},"end":{"line":87,"column":7}},"37":{"start":{"line":88,"column":20},"end":{"line":88,"column":36}},"38":{"start":{"line":91,"column":0},"end":{"line":91,"column":24}}},"fnMap":{"0":{"name":"(anonymous_0)","decl":{"start":{"line":10,"column":23},"end":{"line":10,"column":24}},"loc":{"start":{"line":10,"column":43},"end":{"line":14,"column":1}},"line":10},"1":{"name":"(anonymous_1)","decl":{"start":{"line":16,"column":22},"end":{"line":16,"column":23}},"loc":{"start":{"line":16,"column":42},"end":{"line":67,"column":1}},"line":16},"2":{"name":"(anonymous_2)","decl":{"start":{"line":35,"column":4},"end":{"line":35,"column":5}},"loc":{"start":{"line":35,"column":19},"end":{"line":65,"column":5}},"line":35},"3":{"name":"(anonymous_3)","decl":{"start":{"line":52,"column":14},"end":{"line":52,"column":15}},"loc":{"start":{"line":52,"column":20},"end":{"line":58,"column":9}},"line":52},"4":{"name":"(anonymous_4)","decl":{"start":{"line":59,"column":15},"end":{"line":59,"column":16}},"loc":{"start":{"line":59,"column":26},"end":{"line":64,"column":9}},"line":59},"5":{"name":"(anonymous_5)","decl":{"start":{"line":70,"column":16},"end":{"line":70,"column":17}},"loc":{"start":{"line":70,"column":36},"end":{"line":89,"column":1}},"line":70},"6":{"name":"(anonymous_6)","decl":{"start":{"line":71,"column":22},"end":{"line":71,"column":23}},"loc":{"start":{"line":71,"column":38},"end":{"line":88,"column":3}},"line":71},"7":{"name":"(anonymous_7)","decl":{"start":{"line":88,"column":11},"end":{"line":88,"column":12}},"loc":{"start":{"line":88,"column":20},"end":{"line":88,"column":36}},"line":88}},"branchMap":{"0":{"loc":{"start":{"line":19,"column":2},"end":{"line":24,"column":3}},"type":"if","locations":[{"start":{"line":19,"column":2},"end":{"line":24,"column":3}},{"start":{"line":19,"column":2},"end":{"line":24,"column":3}}],"line":19},"1":{"loc":{"start":{"line":19,"column":6},"end":{"line":19,"column":45}},"type":"binary-expr","locations":[{"start":{"line":19,"column":6},"end":{"line":19,"column":11}},{"start":{"line":19,"column":15},"end":{"line":19,"column":45}}],"line":19},"2":{"loc":{"start":{"line":36,"column":6},"end":{"line":41,"column":7}},"type":"if","locations":[{"start":{"line":36,"column":6},"end":{"line":41,"column":7}},{"start":{"line":36,"column":6},"end":{"line":41,"column":7}}],"line":36},"3":{"loc":{"start":{"line":43,"column":6},"end":{"line":43,"column":67}},"type":"if","locations":[{"start":{"line":43,"column":6},"end":{"line":43,"column":67}},{"start":{"line":43,"column":6},"end":{"line":43,"column":67}}],"line":43},"4":{"loc":{"start":{"line":44,"column":6},"end":{"line":44,"column":64}},"type":"if","locations":[{"start":{"line":44,"column":6},"end":{"line":44,"column":64}},{"start":{"line":44,"column":6},"end":{"line":44,"column":64}}],"line":44},"5":{"loc":{"start":{"line":45,"column":6},"end":{"line":45,"column":55}},"type":"if","locations":[{"start":{"line":45,"column":6},"end":{"line":45,"column":55}},{"start":{"line":45,"column":6},"end":{"line":45,"column":55}}],"line":45},"6":{"loc":{"start":{"line":46,"column":6},"end":{"line":46,"column":64}},"type":"if","locations":[{"start":{"line":46,"column":6},"end":{"line":46,"column":64}},{"start":{"line":46,"column":6},"end":{"line":46,"column":64}}],"line":46},"7":{"loc":{"start":{"line":47,"column":6},"end":{"line":47,"column":73}},"type":"if","locations":[{"start":{"line":47,"column":6},"end":{"line":47,"column":73}},{"start":{"line":47,"column":6},"end":{"line":47,"column":73}}],"line":47},"8":{"loc":{"start":{"line":72,"column":4},"end":{"line":77,"column":5}},"type":"if","locations":[{"start":{"line":72,"column":4},"end":{"line":77,"column":5}},{"start":{"line":72,"column":4},"end":{"line":77,"column":5}}],"line":72},"9":{"loc":{"start":{"line":78,"column":4},"end":{"line":83,"column":5}},"type":"if","locations":[{"start":{"line":78,"column":4},"end":{"line":83,"column":5}},{"start":{"line":78,"column":4},"end":{"line":83,"column":5}}],"line":78}},"s":{"0":1,"1":1,"2":1,"3":1,"4":1,"5":1,"6":1,"7":0,"8":0,"9":0,"10":1,"11":0,"12":0,"13":0,"14":0,"15":0,"16":0,"17":0,"18":0,"19":0,"20":0,"21":0,"22":0,"23":0,"24":0,"25":0,"26":0,"27":0,"28":0,"29":0,"30":1,"31":0,"32":0,"33":0,"34":0,"35":0,"36":0,"37":0,"38":1},"f":{"0":0,"1":0,"2":0,"3":0,"4":0,"5":0,"6":0,"7":0},"b":{"0":[0,0],"1":[0,0],"2":[0,0],"3":[0,0],"4":[0,0],"5":[0,0],"6":[0,0],"7":[0,0],"8":[0,0],"9":[0,0]},"_coverageSchema":"1a1c01bbd47fc00a2c39e90264f33305004495a9","hash":"796a2a1cdf0241bfebb9874950819c9f4c3c6d9f"}
}
